<?xml version="1.0" encoding="UTF-8"?>
<!-- Generated by org.testng.reporters.JUnitXMLReporter -->
<testsuite ignored="0" hostname="IQZNGLDT007" failures="0" tests="8" name="Test" time="93.728" errors="0" timestamp="2021-11-26T21:13:25 IST">
  <testcase classname="Own_Pack.Free_Social" name="launch_app" time="17.916"/>
  <testcase classname="Own_Pack.Free_Social" name="twitter" time="3.306"/>
  <testcase classname="Own_Pack.Free_Social" name="facebook" time="31.591"/>
  <testcase classname="Own_Pack.Free_Social" name="github" time="2.253"/>
  <testcase classname="Own_Pack.Free_Social" name="telegram" time="2.303"/>
  <testcase classname="Own_Pack.Free_Social" name="medium" time="8.854"/>
  <testcase classname="Own_Pack.Free_Social" name="linkedin" time="9.965"/>
  <testcase classname="Own_Pack.Free_Social" name="youtube" time="11.631"/>
</testsuite> <!-- Test -->
