<?xml version="1.0" encoding="UTF-8"?>
<!-- Generated by org.testng.reporters.JUnitXMLReporter -->
<testsuite ignored="0" hostname="IQZNGLDT007" failures="0" tests="8" name="Default test" time="120.798" errors="0" timestamp="2021-12-07T00:27:26 IST">
  <testcase classname="Own_Pack.Free_Social" name="launch_app" time="4.423"/>
  <testcase classname="Own_Pack.Free_Social" name="twitter" time="16.215"/>
  <testcase classname="Own_Pack.Free_Social" name="facebook" time="49.847"/>
  <testcase classname="Own_Pack.Free_Social" name="github" time="2.238"/>
  <testcase classname="Own_Pack.Free_Social" name="telegram" time="2.634"/>
  <testcase classname="Own_Pack.Free_Social" name="medium" time="11.038"/>
  <testcase classname="Own_Pack.Free_Social" name="linkedin" time="2.115"/>
  <testcase classname="Own_Pack.Free_Social" name="youtube" time="22.565"/>
</testsuite> <!-- Default test -->
