<?xml version="1.0" encoding="UTF-8"?>
<testng-results ignored="0" total="8" passed="8" failed="0" skipped="0">
  <reporter-output>
  </reporter-output>
  <suite started-at="2021-12-07T00:25:23 IST" name="Default suite" finished-at="2021-12-07T00:27:24 IST" duration-ms="120798">
    <groups>
    </groups>
    <test started-at="2021-12-07T00:25:23 IST" name="Default test" finished-at="2021-12-07T00:27:24 IST" duration-ms="120798">
      <class name="Own_Pack.Free_Social">
        <test-method is-config="true" signature="setup()[pri:0, instance:Own_Pack.Free_Social@a530d0a]" started-at="2021-12-07T00:25:23 IST" name="setup" finished-at="2021-12-07T00:25:30 IST" duration-ms="6962" status="PASS">
          <reporter-output>
          </reporter-output>
        </test-method> <!-- setup -->
        <test-method signature="launch_app()[pri:0, instance:Own_Pack.Free_Social@a530d0a]" started-at="2021-12-07T00:25:30 IST" name="launch_app" finished-at="2021-12-07T00:25:35 IST" duration-ms="4423" status="PASS">
          <reporter-output>
          </reporter-output>
        </test-method> <!-- launch_app -->
        <test-method signature="twitter()[pri:0, instance:Own_Pack.Free_Social@a530d0a]" started-at="2021-12-07T00:25:35 IST" name="twitter" finished-at="2021-12-07T00:25:51 IST" depends-on-methods="Own_Pack.Free_Social.launch_app" duration-ms="16215" status="PASS">
          <reporter-output>
          </reporter-output>
        </test-method> <!-- twitter -->
        <test-method signature="facebook()[pri:0, instance:Own_Pack.Free_Social@a530d0a]" started-at="2021-12-07T00:25:51 IST" name="facebook" finished-at="2021-12-07T00:26:41 IST" depends-on-methods="Own_Pack.Free_Social.twitter" duration-ms="49847" status="PASS">
          <reporter-output>
          </reporter-output>
        </test-method> <!-- facebook -->
        <test-method signature="github()[pri:0, instance:Own_Pack.Free_Social@a530d0a]" started-at="2021-12-07T00:26:41 IST" name="github" finished-at="2021-12-07T00:26:43 IST" depends-on-methods="Own_Pack.Free_Social.facebook" duration-ms="2238" status="PASS">
          <reporter-output>
          </reporter-output>
        </test-method> <!-- github -->
        <test-method signature="telegram()[pri:0, instance:Own_Pack.Free_Social@a530d0a]" started-at="2021-12-07T00:26:43 IST" name="telegram" finished-at="2021-12-07T00:26:45 IST" depends-on-methods="Own_Pack.Free_Social.github" duration-ms="2634" status="PASS">
          <reporter-output>
          </reporter-output>
        </test-method> <!-- telegram -->
        <test-method signature="medium()[pri:0, instance:Own_Pack.Free_Social@a530d0a]" started-at="2021-12-07T00:26:45 IST" name="medium" finished-at="2021-12-07T00:26:57 IST" depends-on-methods="Own_Pack.Free_Social.telegram" duration-ms="11038" status="PASS">
          <reporter-output>
          </reporter-output>
        </test-method> <!-- medium -->
        <test-method signature="linkedin()[pri:0, instance:Own_Pack.Free_Social@a530d0a]" started-at="2021-12-07T00:26:57 IST" name="linkedin" finished-at="2021-12-07T00:26:59 IST" depends-on-methods="Own_Pack.Free_Social.medium" duration-ms="2115" status="PASS">
          <reporter-output>
          </reporter-output>
        </test-method> <!-- linkedin -->
        <test-method signature="youtube()[pri:0, instance:Own_Pack.Free_Social@a530d0a]" started-at="2021-12-07T00:26:59 IST" name="youtube" finished-at="2021-12-07T00:27:21 IST" depends-on-methods="Own_Pack.Free_Social.linkedin" duration-ms="22565" status="PASS">
          <reporter-output>
          </reporter-output>
        </test-method> <!-- youtube -->
        <test-method is-config="true" signature="finish()[pri:0, instance:Own_Pack.Free_Social@a530d0a]" started-at="2021-12-07T00:27:21 IST" name="finish" finished-at="2021-12-07T00:27:24 IST" duration-ms="2702" status="PASS">
          <reporter-output>
          </reporter-output>
        </test-method> <!-- finish -->
      </class> <!-- Own_Pack.Free_Social -->
    </test> <!-- Default test -->
  </suite> <!-- Default suite -->
</testng-results>
