<?xml version="1.0" encoding="UTF-8"?>
<!-- Generated by org.testng.reporters.JUnitXMLReporter -->
<testsuite ignored="0" hostname="IQZNGLDT007" failures="0" tests="8" name="Default test" time="120.77" errors="0" timestamp="2021-11-26T21:02:01 IST">
  <testcase classname="Own_Pack.Free_Social" name="launch_app" time="17.304"/>
  <testcase classname="Own_Pack.Free_Social" name="twitter" time="29.186"/>
  <testcase classname="Own_Pack.Free_Social" name="facebook" time="16.847"/>
  <testcase classname="Own_Pack.Free_Social" name="github" time="6.287"/>
  <testcase classname="Own_Pack.Free_Social" name="telegram" time="5.288"/>
  <testcase classname="Own_Pack.Free_Social" name="medium" time="6.49"/>
  <testcase classname="Own_Pack.Free_Social" name="linkedin" time="18.893"/>
  <testcase classname="Own_Pack.Free_Social" name="youtube" time="14.38"/>
</testsuite> <!-- Default test -->
