<?xml version="1.0" encoding="UTF-8"?>
<!-- Generated by org.testng.reporters.JUnitXMLReporter -->
<testsuite ignored="0" hostname="IQZNGLDT007" failures="0" tests="5" name="Test3" time="44.39" errors="0" timestamp="2021-11-22T22:58:48 IST">
  <testcase classname="Own_Pack.Pega_Login" name="launch_app" time="10.493"/>
  <testcase classname="Own_Pack.Pega_Login" name="enter_user" time="3.164"/>
  <testcase classname="Own_Pack.Pega_Login" name="enter_pswd" time="3.183"/>
  <testcase classname="Own_Pack.Pega_Login" name="clicklogin" time="23.759"/>
  <testcase classname="Own_Pack.Pega_Login" name="get_title" time="3.085"/>
</testsuite> <!-- Test3 -->
