<?xml version="1.0" encoding="UTF-8"?>
<!-- Generated by org.testng.reporters.JUnitXMLReporter -->
<testsuite ignored="0" hostname="IQZNGLDT007" failures="0" tests="5" name="Test2" time="23.564" errors="0" timestamp="2021-11-22T23:40:35 IST">
  <testcase classname="Own_Pack.Pega_Login_Inva" name="launch_app" time="9.567"/>
  <testcase classname="Own_Pack.Pega_Login_Inva" name="enter_user" time="3.107"/>
  <testcase classname="Own_Pack.Pega_Login_Inva" name="enter_pswd" time="3.112"/>
  <testcase classname="Own_Pack.Pega_Login_Inva" name="clicklogin" time="3.942"/>
  <testcase classname="Own_Pack.Pega_Login_Inva" name="Error_mess" time="3.101"/>
</testsuite> <!-- Test2 -->
