<?xml version="1.0" encoding="UTF-8"?>
<!-- Generated by org.testng.reporters.JUnitXMLReporter -->
<testsuite ignored="0" hostname="IQZNGLDT007" failures="0" tests="3" name="Test" time="9.585" errors="0" timestamp="2021-12-19T22:52:18 IST">
  <testcase classname="Own_Pack.Assignment3" name="Top_Deals" time="0.293"/>
  <testcase classname="Own_Pack.Assignment3" name="Top_Deals_Page" time="0.088"/>
  <testcase classname="Own_Pack.Assignment3" name="potato" time="0.101"/>
</testsuite> <!-- Test -->
