<?xml version="1.0" encoding="UTF-8"?>
<testng-results ignored="0" total="2" passed="2" failed="0" skipped="0">
  <reporter-output>
  </reporter-output>
  <suite started-at="2021-12-19T22:51:32 IST" name="Suite" finished-at="2021-12-19T22:51:45 IST" duration-ms="12880">
    <groups>
    </groups>
    <test started-at="2021-12-19T22:51:32 IST" name="Test" finished-at="2021-12-19T22:51:45 IST" duration-ms="12880">
      <class name="Own_Pack.Assignment2">
        <test-method is-config="true" signature="URL()[pri:0, instance:Own_Pack.Assignment2@7205765b]" started-at="2021-12-19T22:51:32 IST" name="URL" finished-at="2021-12-19T22:51:39 IST" duration-ms="6764" status="PASS">
          <reporter-output>
          </reporter-output>
        </test-method> <!-- URL -->
        <test-method signature="Add_Products()[pri:0, instance:Own_Pack.Assignment2@7205765b]" started-at="2021-12-19T22:51:39 IST" name="Add_Products" finished-at="2021-12-19T22:51:44 IST" duration-ms="5181" status="PASS">
          <reporter-output>
          </reporter-output>
        </test-method> <!-- Add_Products -->
        <test-method signature="Validatebuttonname()[pri:0, instance:Own_Pack.Assignment2@7205765b]" started-at="2021-12-19T22:51:44 IST" name="Validatebuttonname" finished-at="2021-12-19T22:51:44 IST" depends-on-methods="Own_Pack.Assignment2.Add_Products" duration-ms="276" status="PASS">
          <reporter-output>
          </reporter-output>
        </test-method> <!-- Validatebuttonname -->
        <test-method is-config="true" signature="finish()[pri:0, instance:Own_Pack.Assignment2@7205765b]" started-at="2021-12-19T22:51:44 IST" name="finish" finished-at="2021-12-19T22:51:45 IST" duration-ms="628" status="PASS">
          <reporter-output>
          </reporter-output>
        </test-method> <!-- finish -->
      </class> <!-- Own_Pack.Assignment2 -->
    </test> <!-- Test -->
  </suite> <!-- Suite -->
</testng-results>
