<?xml version="1.0" encoding="UTF-8"?>
<testng-results ignored="0" total="3" passed="3" failed="0" skipped="0">
  <reporter-output>
  </reporter-output>
  <suite started-at="2021-12-19T22:52:09 IST" name="Suite" finished-at="2021-12-19T22:52:18 IST" duration-ms="9585">
    <groups>
    </groups>
    <test started-at="2021-12-19T22:52:09 IST" name="Test" finished-at="2021-12-19T22:52:18 IST" duration-ms="9585">
      <class name="Own_Pack.Assignment3">
        <test-method is-config="true" signature="URL()[pri:0, instance:Own_Pack.Assignment3@47987356]" started-at="2021-12-19T22:52:09 IST" name="URL" finished-at="2021-12-19T22:52:17 IST" duration-ms="8450" status="PASS">
          <reporter-output>
          </reporter-output>
        </test-method> <!-- URL -->
        <test-method signature="Top_Deals()[pri:0, instance:Own_Pack.Assignment3@47987356]" started-at="2021-12-19T22:52:17 IST" name="Top_Deals" finished-at="2021-12-19T22:52:17 IST" duration-ms="293" status="PASS">
          <reporter-output>
          </reporter-output>
        </test-method> <!-- Top_Deals -->
        <test-method signature="Top_Deals_Page()[pri:0, instance:Own_Pack.Assignment3@47987356]" started-at="2021-12-19T22:52:17 IST" name="Top_Deals_Page" finished-at="2021-12-19T22:52:17 IST" depends-on-methods="Own_Pack.Assignment3.Top_Deals" duration-ms="88" status="PASS">
          <reporter-output>
          </reporter-output>
        </test-method> <!-- Top_Deals_Page -->
        <test-method signature="potato()[pri:0, instance:Own_Pack.Assignment3@47987356]" started-at="2021-12-19T22:52:17 IST" name="potato" finished-at="2021-12-19T22:52:18 IST" depends-on-methods="Own_Pack.Assignment3.Top_Deals_Page" duration-ms="101" status="PASS">
          <reporter-output>
          </reporter-output>
        </test-method> <!-- potato -->
        <test-method is-config="true" signature="finish()[pri:0, instance:Own_Pack.Assignment3@47987356]" started-at="2021-12-19T22:52:18 IST" name="finish" finished-at="2021-12-19T22:52:18 IST" duration-ms="608" status="PASS">
          <reporter-output>
          </reporter-output>
        </test-method> <!-- finish -->
      </class> <!-- Own_Pack.Assignment3 -->
    </test> <!-- Test -->
  </suite> <!-- Suite -->
</testng-results>
