<?xml version="1.0" encoding="UTF-8"?>
<testng-results ignored="0" total="8" passed="8" failed="0" skipped="0">
  <reporter-output>
  </reporter-output>
  <suite started-at="2021-11-26T21:11:52 IST" name="Suite" finished-at="2021-11-26T21:13:25 IST" duration-ms="93728">
    <groups>
    </groups>
    <test started-at="2021-11-26T21:11:52 IST" name="Test" finished-at="2021-11-26T21:13:25 IST" duration-ms="93728">
      <class name="Own_Pack.Free_Social">
        <test-method is-config="true" signature="setup()[pri:0, instance:Own_Pack.Free_Social@a530d0a]" started-at="2021-11-26T21:11:52 IST" name="setup" finished-at="2021-11-26T21:11:56 IST" duration-ms="4784" status="PASS">
          <reporter-output>
          </reporter-output>
        </test-method> <!-- setup -->
        <test-method signature="launch_app()[pri:0, instance:Own_Pack.Free_Social@a530d0a]" started-at="2021-11-26T21:11:56 IST" name="launch_app" finished-at="2021-11-26T21:12:14 IST" duration-ms="17916" status="PASS">
          <reporter-output>
          </reporter-output>
        </test-method> <!-- launch_app -->
        <test-method signature="twitter()[pri:0, instance:Own_Pack.Free_Social@a530d0a]" started-at="2021-11-26T21:12:14 IST" name="twitter" finished-at="2021-11-26T21:12:18 IST" depends-on-methods="Own_Pack.Free_Social.launch_app" duration-ms="3306" status="PASS">
          <reporter-output>
          </reporter-output>
        </test-method> <!-- twitter -->
        <test-method signature="facebook()[pri:0, instance:Own_Pack.Free_Social@a530d0a]" started-at="2021-11-26T21:12:18 IST" name="facebook" finished-at="2021-11-26T21:12:49 IST" depends-on-methods="Own_Pack.Free_Social.twitter" duration-ms="31591" status="PASS">
          <reporter-output>
          </reporter-output>
        </test-method> <!-- facebook -->
        <test-method signature="github()[pri:0, instance:Own_Pack.Free_Social@a530d0a]" started-at="2021-11-26T21:12:49 IST" name="github" finished-at="2021-11-26T21:12:52 IST" depends-on-methods="Own_Pack.Free_Social.facebook" duration-ms="2253" status="PASS">
          <reporter-output>
          </reporter-output>
        </test-method> <!-- github -->
        <test-method signature="telegram()[pri:0, instance:Own_Pack.Free_Social@a530d0a]" started-at="2021-11-26T21:12:52 IST" name="telegram" finished-at="2021-11-26T21:12:54 IST" depends-on-methods="Own_Pack.Free_Social.github" duration-ms="2303" status="PASS">
          <reporter-output>
          </reporter-output>
        </test-method> <!-- telegram -->
        <test-method signature="medium()[pri:0, instance:Own_Pack.Free_Social@a530d0a]" started-at="2021-11-26T21:12:54 IST" name="medium" finished-at="2021-11-26T21:13:03 IST" depends-on-methods="Own_Pack.Free_Social.telegram" duration-ms="8854" status="PASS">
          <reporter-output>
          </reporter-output>
        </test-method> <!-- medium -->
        <test-method signature="linkedin()[pri:0, instance:Own_Pack.Free_Social@a530d0a]" started-at="2021-11-26T21:13:03 IST" name="linkedin" finished-at="2021-11-26T21:13:13 IST" depends-on-methods="Own_Pack.Free_Social.medium" duration-ms="9965" status="PASS">
          <reporter-output>
          </reporter-output>
        </test-method> <!-- linkedin -->
        <test-method signature="youtube()[pri:0, instance:Own_Pack.Free_Social@a530d0a]" started-at="2021-11-26T21:13:13 IST" name="youtube" finished-at="2021-11-26T21:13:24 IST" depends-on-methods="Own_Pack.Free_Social.linkedin" duration-ms="11631" status="PASS">
          <reporter-output>
          </reporter-output>
        </test-method> <!-- youtube -->
        <test-method is-config="true" signature="finish()[pri:0, instance:Own_Pack.Free_Social@a530d0a]" started-at="2021-11-26T21:13:24 IST" name="finish" finished-at="2021-11-26T21:13:25 IST" duration-ms="1049" status="PASS">
          <reporter-output>
          </reporter-output>
        </test-method> <!-- finish -->
      </class> <!-- Own_Pack.Free_Social -->
    </test> <!-- Test -->
  </suite> <!-- Suite -->
</testng-results>
