<?xml version="1.0" encoding="UTF-8"?>
<!-- Generated by org.testng.reporters.JUnitXMLReporter -->
<testsuite ignored="0" hostname="IQZNGLDT007" failures="0" tests="5" name="Test" time="45.141" errors="0" timestamp="2021-11-23T23:12:39 IST">
  <testcase classname="Own_Pack.Pega_Login" name="launch_app" time="14.177"/>
  <testcase classname="Own_Pack.Pega_Login" name="enter_user" time="3.315"/>
  <testcase classname="Own_Pack.Pega_Login" name="enter_pswd" time="3.191"/>
  <testcase classname="Own_Pack.Pega_Login" name="clicklogin" time="20.566"/>
  <testcase classname="Own_Pack.Pega_Login" name="get_title" time="3.068"/>
</testsuite> <!-- Test -->
