<?xml version="1.0" encoding="UTF-8"?>
<!-- Generated by org.testng.reporters.JUnitXMLReporter -->
<testsuite ignored="0" hostname="IQZNGLLT010" failures="0" tests="5" name="TestingOnFirefox" time="44.81" errors="0" timestamp="2022-02-06T16:27:43 IST">
  <testcase classname="Own_Pack.MiniPega" name="launch_app" time="2.387"/>
  <testcase classname="Own_Pack.MiniPega" name="clicklogin" time="20.859"/>
  <testcase classname="Own_Pack.MiniPega" name="individuallead" time="2.213"/>
  <testcase classname="Own_Pack.MiniPega" name="updatelead" time="6.191"/>
  <testcase classname="Own_Pack.MiniPega" name="convertlead" time="6.352"/>
</testsuite> <!-- TestingOnFirefox -->
