<?xml version="1.0" encoding="UTF-8"?>
<!-- Generated by org.testng.reporters.JUnitXMLReporter -->
<testsuite ignored="0" hostname="IQZNGLLT010" failures="0" tests="5" name="TestingOnChrome" time="40.937" errors="0" timestamp="2022-02-06T16:26:10 IST">
  <testcase classname="Own_Pack.MiniPega" name="launch_app" time="2.151"/>
  <testcase classname="Own_Pack.MiniPega" name="clicklogin" time="17.781"/>
  <testcase classname="Own_Pack.MiniPega" name="individuallead" time="4.086"/>
  <testcase classname="Own_Pack.MiniPega" name="updatelead" time="6.404"/>
  <testcase classname="Own_Pack.MiniPega" name="convertlead" time="7.087"/>
</testsuite> <!-- TestingOnChrome -->
