<?xml version="1.0" encoding="UTF-8"?>
<!-- Generated by org.testng.reporters.JUnitXMLReporter -->
<testsuite ignored="0" hostname="IQZNGLLT010" failures="0" tests="8" name="Test" time="27.892" errors="0" timestamp="2021-12-13T21:36:38 IST">
  <testcase classname="Own_Pack.Free_Social" name="launch_app" time="2.609"/>
  <testcase classname="Own_Pack.Free_Social" name="twitter" time="2.659"/>
  <testcase classname="Own_Pack.Free_Social" name="facebook" time="5.446"/>
  <testcase classname="Own_Pack.Free_Social" name="github" time="1.564"/>
  <testcase classname="Own_Pack.Free_Social" name="telegram" time="2.126"/>
  <testcase classname="Own_Pack.Free_Social" name="medium" time="4.145"/>
  <testcase classname="Own_Pack.Free_Social" name="linkedin" time="1.454"/>
  <testcase classname="Own_Pack.Free_Social" name="youtube" time="2.65"/>
</testsuite> <!-- Test -->
