<?xml version="1.0" encoding="UTF-8"?>
<!-- Generated by org.testng.reporters.JUnitXMLReporter -->
<testsuite ignored="0" hostname="IQZNGLLT010" failures="0" tests="5" name="TestingOnEdge" time="47.95" errors="0" timestamp="2022-02-06T16:26:58 IST">
  <testcase classname="Own_Pack.MiniPega" name="launch_app" time="2.115"/>
  <testcase classname="Own_Pack.MiniPega" name="clicklogin" time="17.403"/>
  <testcase classname="Own_Pack.MiniPega" name="individuallead" time="4.956"/>
  <testcase classname="Own_Pack.MiniPega" name="updatelead" time="8.855"/>
  <testcase classname="Own_Pack.MiniPega" name="convertlead" time="10.079"/>
</testsuite> <!-- TestingOnEdge -->
