<?xml version="1.0" encoding="UTF-8"?>
<testng-results ignored="0" total="10" passed="10" failed="0" skipped="0">
  <reporter-output>
  </reporter-output>
  <suite started-at="2021-11-24T21:53:43 IST" name="Suite" finished-at="2021-11-24T21:54:50 IST" duration-ms="67887">
    <groups>
    </groups>
    <test started-at="2021-11-24T21:53:43 IST" name="Valid" finished-at="2021-11-24T21:54:26 IST" duration-ms="43146">
      <class name="Own_Pack.Pega_Login">
        <test-method is-config="true" signature="setup()[pri:0, instance:Own_Pack.Pega_Login@6283d8b8]" started-at="2021-11-24T21:53:43 IST" name="setup" finished-at="2021-11-24T21:53:43 IST" duration-ms="7" status="PASS">
          <reporter-output>
          </reporter-output>
        </test-method> <!-- setup -->
        <test-method signature="launch_app()[pri:0, instance:Own_Pack.Pega_Login@6283d8b8]" started-at="2021-11-24T21:53:43 IST" name="launch_app" finished-at="2021-11-24T21:53:52 IST" duration-ms="9786" status="PASS">
          <reporter-output>
          </reporter-output>
        </test-method> <!-- launch_app -->
        <test-method signature="enter_user()[pri:0, instance:Own_Pack.Pega_Login@6283d8b8]" started-at="2021-11-24T21:53:52 IST" name="enter_user" finished-at="2021-11-24T21:53:55 IST" depends-on-methods="Own_Pack.Pega_Login.launch_app" duration-ms="3109" status="PASS">
          <reporter-output>
          </reporter-output>
        </test-method> <!-- enter_user -->
        <test-method signature="enter_pswd()[pri:0, instance:Own_Pack.Pega_Login@6283d8b8]" started-at="2021-11-24T21:53:55 IST" name="enter_pswd" finished-at="2021-11-24T21:53:59 IST" depends-on-methods="Own_Pack.Pega_Login.enter_user" duration-ms="3147" status="PASS">
          <reporter-output>
          </reporter-output>
        </test-method> <!-- enter_pswd -->
        <test-method signature="clicklogin()[pri:0, instance:Own_Pack.Pega_Login@6283d8b8]" started-at="2021-11-24T21:53:59 IST" name="clicklogin" finished-at="2021-11-24T21:54:22 IST" depends-on-methods="Own_Pack.Pega_Login.enter_pswd" duration-ms="23267" status="PASS">
          <reporter-output>
          </reporter-output>
        </test-method> <!-- clicklogin -->
        <test-method signature="get_title()[pri:0, instance:Own_Pack.Pega_Login@6283d8b8]" started-at="2021-11-24T21:54:22 IST" name="get_title" finished-at="2021-11-24T21:54:25 IST" depends-on-methods="Own_Pack.Pega_Login.clicklogin" duration-ms="3054" status="PASS">
          <reporter-output>
          </reporter-output>
        </test-method> <!-- get_title -->
        <test-method is-config="true" signature="finish()[pri:0, instance:Own_Pack.Pega_Login@6283d8b8]" started-at="2021-11-24T21:54:25 IST" name="finish" finished-at="2021-11-24T21:54:26 IST" duration-ms="712" status="PASS">
          <reporter-output>
          </reporter-output>
        </test-method> <!-- finish -->
      </class> <!-- Own_Pack.Pega_Login -->
    </test> <!-- Valid -->
    <test started-at="2021-11-24T21:54:26 IST" name="Invalid" finished-at="2021-11-24T21:54:50 IST" duration-ms="24659">
      <class name="Own_Pack.Pega_Login_Invalid">
        <test-method signature="launch_app()[pri:0, instance:Own_Pack.Pega_Login_Invalid@3cebbb30]" started-at="2021-11-24T21:54:26 IST" name="launch_app" finished-at="2021-11-24T21:54:34 IST" duration-ms="8587" status="PASS">
          <reporter-output>
          </reporter-output>
        </test-method> <!-- launch_app -->
        <test-method is-config="true" signature="setup()[pri:0, instance:Own_Pack.Pega_Login_Invalid@3cebbb30]" started-at="2021-11-24T21:54:26 IST" name="setup" finished-at="2021-11-24T21:54:26 IST" duration-ms="0" status="PASS">
          <reporter-output>
          </reporter-output>
        </test-method> <!-- setup -->
        <test-method signature="enter_user()[pri:0, instance:Own_Pack.Pega_Login_Invalid@3cebbb30]" started-at="2021-11-24T21:54:34 IST" name="enter_user" finished-at="2021-11-24T21:54:38 IST" depends-on-methods="Own_Pack.Pega_Login_Invalid.launch_app" duration-ms="3160" status="PASS">
          <reporter-output>
          </reporter-output>
        </test-method> <!-- enter_user -->
        <test-method signature="enter_pswd()[pri:0, instance:Own_Pack.Pega_Login_Invalid@3cebbb30]" started-at="2021-11-24T21:54:38 IST" name="enter_pswd" finished-at="2021-11-24T21:54:41 IST" depends-on-methods="Own_Pack.Pega_Login_Invalid.enter_user" duration-ms="3204" status="PASS">
          <reporter-output>
          </reporter-output>
        </test-method> <!-- enter_pswd -->
        <test-method signature="clicklogin()[pri:0, instance:Own_Pack.Pega_Login_Invalid@3cebbb30]" started-at="2021-11-24T21:54:41 IST" name="clicklogin" finished-at="2021-11-24T21:54:45 IST" depends-on-methods="Own_Pack.Pega_Login_Invalid.enter_pswd" duration-ms="3850" status="PASS">
          <reporter-output>
          </reporter-output>
        </test-method> <!-- clicklogin -->
        <test-method signature="Error_mess()[pri:0, instance:Own_Pack.Pega_Login_Invalid@3cebbb30]" started-at="2021-11-24T21:54:45 IST" name="Error_mess" finished-at="2021-11-24T21:54:50 IST" depends-on-methods="Own_Pack.Pega_Login_Invalid.clicklogin" duration-ms="5173" status="PASS">
          <reporter-output>
          </reporter-output>
        </test-method> <!-- Error_mess -->
        <test-method is-config="true" signature="finish()[pri:0, instance:Own_Pack.Pega_Login_Invalid@3cebbb30]" started-at="2021-11-24T21:54:50 IST" name="finish" finished-at="2021-11-24T21:54:50 IST" duration-ms="668" status="PASS">
          <reporter-output>
          </reporter-output>
        </test-method> <!-- finish -->
      </class> <!-- Own_Pack.Pega_Login_Invalid -->
    </test> <!-- Invalid -->
  </suite> <!-- Suite -->
</testng-results>
