<?xml version="1.0" encoding="UTF-8"?>
<!-- Generated by org.testng.reporters.JUnitXMLReporter -->
<testsuite ignored="0" hostname="IQZNGLDT007" failures="0" tests="5" name="Invalid_Case" time="26.578" errors="0" timestamp="2021-11-24T21:48:45 IST">
  <testcase classname="Own_Pack.Pega_Login_Twice_Para" name="launch_app" time="5.14"/>
  <testcase classname="Own_Pack.Pega_Login_Twice_Para" name="enter_user" time="3.12"/>
  <testcase classname="Own_Pack.Pega_Login_Twice_Para" name="enter_pswd" time="3.118"/>
  <testcase classname="Own_Pack.Pega_Login_Twice_Para" name="clicklogin" time="3.95"/>
  <testcase classname="Own_Pack.Pega_Login_Twice_Para" name="get_title" time="8.222"/>
</testsuite> <!-- Invalid_Case -->
