<?xml version="1.0" encoding="UTF-8"?>
<!-- Generated by org.testng.reporters.JUnitXMLReporter -->
<testsuite ignored="0" hostname="IQZNGLDT007" failures="0" tests="5" name="Test" time="41.597" errors="0" timestamp="2021-11-24T17:10:24 IST">
  <testcase classname="Own_Pack.Pega_Login" name="launch_app" time="12.54"/>
  <testcase classname="Own_Pack.Pega_Login" name="enter_user" time="3.222"/>
  <testcase classname="Own_Pack.Pega_Login" name="enter_pswd" time="3.087"/>
  <testcase classname="Own_Pack.Pega_Login" name="clicklogin" time="21.892"/>
  <testcase classname="Own_Pack.Pega_Login" name="get_title" time="0.086"/>
</testsuite> <!-- Test -->
