<?xml version="1.0" encoding="UTF-8"?>
<!-- Generated by org.testng.reporters.JUnitXMLReporter -->
<testsuite ignored="0" hostname="IQZNGLDT007" failures="0" tests="5" name="Valid_Case" time="39.779" errors="0" timestamp="2021-11-24T21:48:19 IST">
  <testcase classname="Own_Pack.Pega_Login_Twice_Para" name="launch_app" time="6.15"/>
  <testcase classname="Own_Pack.Pega_Login_Twice_Para" name="enter_user" time="3.143"/>
  <testcase classname="Own_Pack.Pega_Login_Twice_Para" name="enter_pswd" time="3.111"/>
  <testcase classname="Own_Pack.Pega_Login_Twice_Para" name="clicklogin" time="22.426"/>
  <testcase classname="Own_Pack.Pega_Login_Twice_Para" name="get_title" time="0.08"/>
</testsuite> <!-- Valid_Case -->
