<?xml version="1.0" encoding="UTF-8"?>
<!-- Generated by org.testng.reporters.JUnitXMLReporter -->
<testsuite ignored="0" hostname="IQZNGLDT007" failures="0" tests="5" name="First_Time" time="43.527" errors="0" timestamp="2021-11-24T20:42:12 IST">
  <testcase classname="Own_Pack.Pega_Login" name="launch_app" time="10.644"/>
  <testcase classname="Own_Pack.Pega_Login" name="enter_user" time="3.192"/>
  <testcase classname="Own_Pack.Pega_Login" name="enter_pswd" time="3.12"/>
  <testcase classname="Own_Pack.Pega_Login" name="clicklogin" time="22.75"/>
  <testcase classname="Own_Pack.Pega_Login" name="get_title" time="3.058"/>
</testsuite> <!-- First_Time -->
