<?xml version="1.0" encoding="UTF-8"?>
<!-- Generated by org.testng.reporters.JUnitXMLReporter -->
<testsuite ignored="0" hostname="IQZNGLDT007" failures="0" tests="5" name="First Time" time="35.123" errors="0" timestamp="2021-11-23T23:35:57 IST">
  <testcase classname="Own_Pack.Pega_Login" name="launch_app" time="8.596"/>
  <testcase classname="Own_Pack.Pega_Login" name="enter_user" time="3.125"/>
  <testcase classname="Own_Pack.Pega_Login" name="enter_pswd" time="3.089"/>
  <testcase classname="Own_Pack.Pega_Login" name="clicklogin" time="16.555"/>
  <testcase classname="Own_Pack.Pega_Login" name="get_title" time="3.055"/>
</testsuite> <!-- First Time -->
