<?xml version="1.0" encoding="UTF-8"?>
<!-- Generated by org.testng.reporters.JUnitXMLReporter -->
<testsuite ignored="0" hostname="IQZNGLDT007" failures="0" tests="5" name="Second Time" time="35.968" errors="0" timestamp="2021-11-23T23:36:33 IST">
  <testcase classname="Own_Pack.Pega_Login" name="launch_app" time="7.435"/>
  <testcase classname="Own_Pack.Pega_Login" name="enter_user" time="3.096"/>
  <testcase classname="Own_Pack.Pega_Login" name="enter_pswd" time="3.097"/>
  <testcase classname="Own_Pack.Pega_Login" name="clicklogin" time="18.608"/>
  <testcase classname="Own_Pack.Pega_Login" name="get_title" time="3.027"/>
</testsuite> <!-- Second Time -->
