<?xml version="1.0" encoding="UTF-8"?>
<!-- Generated by org.testng.reporters.JUnitXMLReporter -->
<testsuite ignored="0" hostname="IQZNGLDT007" failures="0" tests="5" name="Second_Time" time="42.521" errors="0" timestamp="2021-11-24T20:42:54 IST">
  <testcase classname="Own_Pack.Pega_Login" name="launch_app" time="9.382"/>
  <testcase classname="Own_Pack.Pega_Login" name="enter_user" time="3.111"/>
  <testcase classname="Own_Pack.Pega_Login" name="enter_pswd" time="3.105"/>
  <testcase classname="Own_Pack.Pega_Login" name="clicklogin" time="23.177"/>
  <testcase classname="Own_Pack.Pega_Login" name="get_title" time="3.042"/>
</testsuite> <!-- Second_Time -->
