<?xml version="1.0" encoding="UTF-8"?>
<!-- Generated by org.testng.reporters.JUnitXMLReporter -->
<testsuite ignored="0" hostname="IQZNGLDT007" failures="0" tests="5" name="Test1" time="39.674" errors="0" timestamp="2021-11-23T23:15:42 IST">
  <testcase classname="Own_Pack.Pega_Login" name="launch_app" time="9.601"/>
  <testcase classname="Own_Pack.Pega_Login" name="enter_user" time="3.11"/>
  <testcase classname="Own_Pack.Pega_Login" name="enter_pswd" time="3.109"/>
  <testcase classname="Own_Pack.Pega_Login" name="clicklogin" time="20.044"/>
  <testcase classname="Own_Pack.Pega_Login" name="get_title" time="3.035"/>
</testsuite> <!-- Test1 -->
