<?xml version="1.0" encoding="UTF-8"?>
<!-- Generated by org.testng.reporters.JUnitXMLReporter -->
<testsuite ignored="0" hostname="IQZNGLDT007" failures="0" tests="5" name="Test2" time="41.829" errors="0" timestamp="2021-11-23T23:16:24 IST">
  <testcase classname="Own_Pack.Pega_Login" name="launch_app" time="9.343"/>
  <testcase classname="Own_Pack.Pega_Login" name="enter_user" time="3.138"/>
  <testcase classname="Own_Pack.Pega_Login" name="enter_pswd" time="3.136"/>
  <testcase classname="Own_Pack.Pega_Login" name="clicklogin" time="22.515"/>
  <testcase classname="Own_Pack.Pega_Login" name="get_title" time="3.048"/>
</testsuite> <!-- Test2 -->
