<?xml version="1.0" encoding="UTF-8"?>
<!-- Generated by org.testng.reporters.JUnitXMLReporter -->
<testsuite ignored="0" hostname="IQZNGLDT007" failures="0" tests="5" name="Third Time" time="35.828" errors="0" timestamp="2021-11-23T23:37:08 IST">
  <testcase classname="Own_Pack.Pega_Login" name="launch_app" time="7.356"/>
  <testcase classname="Own_Pack.Pega_Login" name="enter_user" time="3.119"/>
  <testcase classname="Own_Pack.Pega_Login" name="enter_pswd" time="3.085"/>
  <testcase classname="Own_Pack.Pega_Login" name="clicklogin" time="18.524"/>
  <testcase classname="Own_Pack.Pega_Login" name="get_title" time="3.036"/>
</testsuite> <!-- Third Time -->
