<?xml version="1.0" encoding="UTF-8"?>
<!-- Generated by org.testng.reporters.JUnitXMLReporter -->
<testsuite ignored="0" hostname="IQZNGLDT007" failures="0" tests="5" name="Third_Time" time="35.268" errors="0" timestamp="2021-11-24T20:43:30 IST">
  <testcase classname="Own_Pack.Pega_Login" name="launch_app" time="8.948"/>
  <testcase classname="Own_Pack.Pega_Login" name="enter_user" time="3.199"/>
  <testcase classname="Own_Pack.Pega_Login" name="enter_pswd" time="3.141"/>
  <testcase classname="Own_Pack.Pega_Login" name="clicklogin" time="16.222"/>
  <testcase classname="Own_Pack.Pega_Login" name="get_title" time="3.041"/>
</testsuite> <!-- Third_Time -->
