<?xml version="1.0" encoding="UTF-8"?>
<!-- Generated by org.testng.reporters.JUnitXMLReporter -->
<testsuite ignored="0" hostname="IQZNGLDT007" failures="0" tests="5" name="Invalid" time="24.659" errors="0" timestamp="2021-11-24T21:54:50 IST">
  <testcase classname="Own_Pack.Pega_Login_Invalid" name="launch_app" time="8.587"/>
  <testcase classname="Own_Pack.Pega_Login_Invalid" name="enter_user" time="3.16"/>
  <testcase classname="Own_Pack.Pega_Login_Invalid" name="enter_pswd" time="3.204"/>
  <testcase classname="Own_Pack.Pega_Login_Invalid" name="clicklogin" time="3.85"/>
  <testcase classname="Own_Pack.Pega_Login_Invalid" name="Error_mess" time="5.173"/>
</testsuite> <!-- Invalid -->
