<?xml version="1.0" encoding="UTF-8"?>
<!-- Generated by org.testng.reporters.JUnitXMLReporter -->
<testsuite ignored="0" hostname="IQZNGLDT007" failures="0" tests="10" name="Test1" time="64.402" errors="0" timestamp="2021-11-24T21:50:33 IST">
  <testcase classname="Own_Pack.Pega_Login" name="launch_app" time="10.583"/>
  <testcase classname="Own_Pack.Pega_Login_Invalid" name="launch_app" time="8.614"/>
  <testcase classname="Own_Pack.Pega_Login" name="enter_user" time="3.656"/>
  <testcase classname="Own_Pack.Pega_Login_Invalid" name="enter_user" time="3.099"/>
  <testcase classname="Own_Pack.Pega_Login" name="enter_pswd" time="3.109"/>
  <testcase classname="Own_Pack.Pega_Login_Invalid" name="enter_pswd" time="3.122"/>
  <testcase classname="Own_Pack.Pega_Login" name="clicklogin" time="19.98"/>
  <testcase classname="Own_Pack.Pega_Login_Invalid" name="clicklogin" time="4.49"/>
  <testcase classname="Own_Pack.Pega_Login" name="get_title" time="3.062"/>
  <testcase classname="Own_Pack.Pega_Login_Invalid" name="Error_mess" time="3.204"/>
</testsuite> <!-- Test1 -->
