<?xml version="1.0" encoding="UTF-8"?>
<!-- Generated by org.testng.reporters.JUnitXMLReporter -->
<testsuite ignored="0" hostname="IQZNGLDT007" failures="1" tests="5" name="Test" time="18.403" errors="0" timestamp="2021-11-23T22:48:41 IST">
  <testcase classname="Own_Pack.Pega_Login_Invoca" name="@AfterClass finish" time="-1.637687921851E9">
    <failure type="org.testng.TestNGException" message="
Can inject only one of &amp;lt;ITestContext, XmlTest&amp;gt; into a @AfterClass annotated finish.
For more information on native dependency injection please refer to https://testng.org/doc/documentation-main.html#native-dependency-injection">
      <![CDATA[org.testng.TestNGException: 
Can inject only one of <ITestContext, XmlTest> into a @AfterClass annotated finish.
For more information on native dependency injection please refer to https://testng.org/doc/documentation-main.html#native-dependency-injection
at java.base/java.util.concurrent.ThreadPoolExecutor.runWorker(ThreadPoolExecutor.java:1128)
at java.base/java.util.concurrent.ThreadPoolExecutor$Worker.run(ThreadPoolExecutor.java:628)
at java.base/java.lang.Thread.run(Thread.java:834)
... Removed 7 stack frames]]>
    </failure>
  </testcase> <!-- @AfterClass finish -->
  <testcase classname="Own_Pack.Pega_Login_Invoca" name="launch_app" time="8.81"/>
  <testcase classname="Own_Pack.Pega_Login_Invoca" name="enter_user" time="0.0">
    <failure type="org.testng.TestNGException" message="
Cannot inject @Test annotated Method [enter_user] with [int].
For more information on native dependency injection please refer to https://testng.org/doc/documentation-main.html#native-dependency-injection">
      <![CDATA[org.testng.TestNGException: 
Cannot inject @Test annotated Method [enter_user] with [int].
For more information on native dependency injection please refer to https://testng.org/doc/documentation-main.html#native-dependency-injection
at java.base/java.util.concurrent.ThreadPoolExecutor.runWorker(ThreadPoolExecutor.java:1128)
at java.base/java.util.concurrent.ThreadPoolExecutor$Worker.run(ThreadPoolExecutor.java:628)
at java.base/java.lang.Thread.run(Thread.java:834)
... Removed 11 stack frames]]>
    </failure>
  </testcase> <!-- enter_user -->
  <testcase classname="Own_Pack.Pega_Login_Invoca" name="enter_pswd" time="0.0">
    <skipped/>
  </testcase> <!-- enter_pswd -->
  <testcase classname="Own_Pack.Pega_Login_Invoca" name="clicklogin" time="0.0">
    <skipped/>
  </testcase> <!-- clicklogin -->
  <testcase classname="Own_Pack.Pega_Login_Invoca" name="get_title" time="0.0">
    <skipped/>
  </testcase> <!-- get_title -->
</testsuite> <!-- Test -->
