<?xml version="1.0" encoding="UTF-8"?>
<!-- Generated by org.testng.reporters.JUnitXMLReporter -->
<testsuite ignored="0" hostname="IQZNGLDT007" failures="0" tests="5" name="Valid" time="43.146" errors="0" timestamp="2021-11-24T21:54:26 IST">
  <testcase classname="Own_Pack.Pega_Login" name="launch_app" time="9.786"/>
  <testcase classname="Own_Pack.Pega_Login" name="enter_user" time="3.109"/>
  <testcase classname="Own_Pack.Pega_Login" name="enter_pswd" time="3.147"/>
  <testcase classname="Own_Pack.Pega_Login" name="clicklogin" time="23.267"/>
  <testcase classname="Own_Pack.Pega_Login" name="get_title" time="3.054"/>
</testsuite> <!-- Valid -->
