<?xml version="1.0" encoding="UTF-8"?>
<testng-results ignored="0" total="5" passed="5" failed="0" skipped="0">
  <reporter-output>
  </reporter-output>
  <suite started-at="2021-11-23T23:11:54 IST" name="Suite" finished-at="2021-11-23T23:12:39 IST" duration-ms="45141">
    <groups>
    </groups>
    <test started-at="2021-11-23T23:11:54 IST" name="Test" finished-at="2021-11-23T23:12:39 IST" duration-ms="45141">
      <class name="Own_Pack.Pega_Login">
        <test-method is-config="true" signature="setup()[pri:0, instance:Own_Pack.Pega_Login@6283d8b8]" started-at="2021-11-23T23:11:54 IST" name="setup" finished-at="2021-11-23T23:11:54 IST" duration-ms="15" status="PASS">
          <reporter-output>
          </reporter-output>
        </test-method> <!-- setup -->
        <test-method signature="launch_app()[pri:0, instance:Own_Pack.Pega_Login@6283d8b8]" started-at="2021-11-23T23:11:54 IST" name="launch_app" finished-at="2021-11-23T23:12:08 IST" duration-ms="14177" status="PASS">
          <reporter-output>
          </reporter-output>
        </test-method> <!-- launch_app -->
        <test-method signature="enter_user()[pri:0, instance:Own_Pack.Pega_Login@6283d8b8]" started-at="2021-11-23T23:12:08 IST" name="enter_user" finished-at="2021-11-23T23:12:12 IST" depends-on-methods="Own_Pack.Pega_Login.launch_app" duration-ms="3315" status="PASS">
          <reporter-output>
          </reporter-output>
        </test-method> <!-- enter_user -->
        <test-method signature="enter_pswd()[pri:0, instance:Own_Pack.Pega_Login@6283d8b8]" started-at="2021-11-23T23:12:12 IST" name="enter_pswd" finished-at="2021-11-23T23:12:15 IST" depends-on-methods="Own_Pack.Pega_Login.enter_user" duration-ms="3191" status="PASS">
          <reporter-output>
          </reporter-output>
        </test-method> <!-- enter_pswd -->
        <test-method signature="clicklogin()[pri:0, instance:Own_Pack.Pega_Login@6283d8b8]" started-at="2021-11-23T23:12:15 IST" name="clicklogin" finished-at="2021-11-23T23:12:35 IST" depends-on-methods="Own_Pack.Pega_Login.enter_pswd" duration-ms="20566" status="PASS">
          <reporter-output>
          </reporter-output>
        </test-method> <!-- clicklogin -->
        <test-method signature="get_title()[pri:0, instance:Own_Pack.Pega_Login@6283d8b8]" started-at="2021-11-23T23:12:35 IST" name="get_title" finished-at="2021-11-23T23:12:38 IST" depends-on-methods="Own_Pack.Pega_Login.clicklogin" duration-ms="3068" status="PASS">
          <reporter-output>
          </reporter-output>
        </test-method> <!-- get_title -->
        <test-method is-config="true" signature="finish()[pri:0, instance:Own_Pack.Pega_Login@6283d8b8]" started-at="2021-11-23T23:12:38 IST" name="finish" finished-at="2021-11-23T23:12:39 IST" duration-ms="701" status="PASS">
          <reporter-output>
          </reporter-output>
        </test-method> <!-- finish -->
      </class> <!-- Own_Pack.Pega_Login -->
    </test> <!-- Test -->
  </suite> <!-- Suite -->
</testng-results>
