<?xml version="1.0" encoding="UTF-8"?>
<testng-results ignored="0" total="6" passed="6" failed="0" skipped="0">
  <reporter-output>
  </reporter-output>
  <suite started-at="2021-11-20T23:26:18 IST" name="Suite1" finished-at="2021-11-20T23:27:22 IST" duration-ms="63729">
    <groups>
    </groups>
    <test started-at="2021-11-20T23:26:18 IST" name="TestingOnChrome" finished-at="2021-11-20T23:26:48 IST" duration-ms="29963">
      <class name="Projec1.Cross_Browser_Day1">
        <test-method is-config="true" signature="setup(java.lang.String)[pri:0, instance:Projec1.Cross_Browser_Day1@3b6ddd1d]" started-at="2021-11-20T23:26:18 IST" name="setup" finished-at="2021-11-20T23:26:22 IST" duration-ms="3609" status="PASS">
          <params>
            <param index="0">
              <value>
                <![CDATA[chrome]]>
              </value>
            </param>
          </params>
          <reporter-output>
          </reporter-output>
        </test-method> <!-- setup -->
        <test-method signature="testgoo()[pri:0, instance:Projec1.Cross_Browser_Day1@3b6ddd1d]" started-at="2021-11-20T23:26:22 IST" name="testgoo" finished-at="2021-11-20T23:26:34 IST" duration-ms="12195" status="PASS">
          <reporter-output>
          </reporter-output>
        </test-method> <!-- testgoo -->
        <test-method signature="testyah()[pri:0, instance:Projec1.Cross_Browser_Day1@3b6ddd1d]" started-at="2021-11-20T23:26:34 IST" name="testyah" finished-at="2021-11-20T23:26:48 IST" duration-ms="13236" status="PASS">
          <reporter-output>
          </reporter-output>
        </test-method> <!-- testyah -->
        <test-method is-config="true" signature="finish()[pri:0, instance:Projec1.Cross_Browser_Day1@3b6ddd1d]" started-at="2021-11-20T23:26:48 IST" name="finish" finished-at="2021-11-20T23:26:48 IST" duration-ms="871" status="PASS">
          <reporter-output>
          </reporter-output>
        </test-method> <!-- finish -->
      </class> <!-- Projec1.Cross_Browser_Day1 -->
    </test> <!-- TestingOnChrome -->
    <test started-at="2021-11-20T23:26:18 IST" name="TestingOnEdge" finished-at="2021-11-20T23:26:51 IST" duration-ms="32401">
      <class name="Projec1.Cross_Browser_Day1">
        <test-method is-config="true" signature="setup(java.lang.String)[pri:0, instance:Projec1.Cross_Browser_Day1@437da279]" started-at="2021-11-20T23:26:18 IST" name="setup" finished-at="2021-11-20T23:26:22 IST" duration-ms="3610" status="PASS">
          <params>
            <param index="0">
              <value>
                <![CDATA[edge]]>
              </value>
            </param>
          </params>
          <reporter-output>
          </reporter-output>
        </test-method> <!-- setup -->
        <test-method signature="testgoo()[pri:0, instance:Projec1.Cross_Browser_Day1@437da279]" started-at="2021-11-20T23:26:22 IST" name="testgoo" finished-at="2021-11-20T23:26:35 IST" duration-ms="12665" status="PASS">
          <reporter-output>
          </reporter-output>
        </test-method> <!-- testgoo -->
        <test-method signature="testyah()[pri:0, instance:Projec1.Cross_Browser_Day1@437da279]" started-at="2021-11-20T23:26:35 IST" name="testyah" finished-at="2021-11-20T23:26:49 IST" duration-ms="14630" status="PASS">
          <reporter-output>
          </reporter-output>
        </test-method> <!-- testyah -->
        <test-method is-config="true" signature="finish()[pri:0, instance:Projec1.Cross_Browser_Day1@437da279]" started-at="2021-11-20T23:26:49 IST" name="finish" finished-at="2021-11-20T23:26:51 IST" duration-ms="1450" status="PASS">
          <reporter-output>
          </reporter-output>
        </test-method> <!-- finish -->
      </class> <!-- Projec1.Cross_Browser_Day1 -->
    </test> <!-- TestingOnEdge -->
    <test started-at="2021-11-20T23:26:48 IST" name="TestingOnFirefox" finished-at="2021-11-20T23:27:22 IST" duration-ms="33739">
      <class name="Projec1.Cross_Browser_Day1">
        <test-method is-config="true" signature="setup(java.lang.String)[pri:0, instance:Projec1.Cross_Browser_Day1@290222c1]" started-at="2021-11-20T23:26:48 IST" name="setup" finished-at="2021-11-20T23:26:56 IST" duration-ms="7682" status="PASS">
          <params>
            <param index="0">
              <value>
                <![CDATA[firefox]]>
              </value>
            </param>
          </params>
          <reporter-output>
          </reporter-output>
        </test-method> <!-- setup -->
        <test-method signature="testgoo()[pri:0, instance:Projec1.Cross_Browser_Day1@290222c1]" started-at="2021-11-20T23:26:56 IST" name="testgoo" finished-at="2021-11-20T23:27:09 IST" duration-ms="12709" status="PASS">
          <reporter-output>
          </reporter-output>
        </test-method> <!-- testgoo -->
        <test-method signature="testyah()[pri:0, instance:Projec1.Cross_Browser_Day1@290222c1]" started-at="2021-11-20T23:27:09 IST" name="testyah" finished-at="2021-11-20T23:27:21 IST" duration-ms="12338" status="PASS">
          <reporter-output>
          </reporter-output>
        </test-method> <!-- testyah -->
        <test-method is-config="true" signature="finish()[pri:0, instance:Projec1.Cross_Browser_Day1@290222c1]" started-at="2021-11-20T23:27:21 IST" name="finish" finished-at="2021-11-20T23:27:22 IST" duration-ms="1004" status="PASS">
          <reporter-output>
          </reporter-output>
        </test-method> <!-- finish -->
      </class> <!-- Projec1.Cross_Browser_Day1 -->
    </test> <!-- TestingOnFirefox -->
  </suite> <!-- Suite1 -->
</testng-results>
