<?xml version="1.0" encoding="UTF-8"?>
<!-- Generated by org.testng.reporters.JUnitXMLReporter -->
<testsuite ignored="0" hostname="IQZNGLDT007" failures="0" tests="10" name="Test1" time="64.669" errors="0" timestamp="2021-11-22T23:44:11 IST">
  <testcase classname="Own_Pack.Pega_Login" name="launch_app" time="11.287"/>
  <testcase classname="Own_Pack.Pega_Login_Inva" name="launch_app" time="9.198"/>
  <testcase classname="Own_Pack.Pega_Login" name="enter_user" time="3.101"/>
  <testcase classname="Own_Pack.Pega_Login_Inva" name="enter_user" time="3.126"/>
  <testcase classname="Own_Pack.Pega_Login" name="enter_pswd" time="3.125"/>
  <testcase classname="Own_Pack.Pega_Login_Inva" name="enter_pswd" time="3.139"/>
  <testcase classname="Own_Pack.Pega_Login" name="clicklogin" time="19.53"/>
  <testcase classname="Own_Pack.Pega_Login_Inva" name="clicklogin" time="4.517"/>
  <testcase classname="Own_Pack.Pega_Login" name="get_title" time="3.044"/>
  <testcase classname="Own_Pack.Pega_Login_Inva" name="Error_mess" time="3.133"/>
</testsuite> <!-- Test1 -->
