<?xml version="1.0" encoding="UTF-8"?>
<!-- Generated by org.testng.reporters.JUnitXMLReporter -->
<testsuite ignored="0" hostname="IQZNGLDT007" failures="0" tests="3" name="Test" time="7.239" errors="0" timestamp="2021-12-19T22:50:47 IST">
  <testcase classname="Own_Pack.Assignment1" name="Add_Products" time="0.563"/>
  <testcase classname="Own_Pack.Assignment1" name="Product_Name" time="0.236"/>
  <testcase classname="Own_Pack.Assignment1" name="Product_Price" time="0.815"/>
</testsuite> <!-- Test -->
