<?xml version="1.0" encoding="UTF-8"?>
<!-- Generated by org.testng.reporters.JUnitXMLReporter -->
<testsuite ignored="0" hostname="IQZNGLDT007" failures="0" tests="5" name="Default test" time="97.746" errors="0" timestamp="2021-11-26T21:30:54 IST">
  <testcase classname="Own_Pack.Pega_Login_Implicit" name="launch_app" time="3.253"/>
  <testcase classname="Own_Pack.Pega_Login_Implicit" name="enter_user" time="0.14"/>
  <testcase classname="Own_Pack.Pega_Login_Implicit" name="enter_pswd" time="0.121"/>
  <testcase classname="Own_Pack.Pega_Login_Implicit" name="clicklogin" time="88.698"/>
  <testcase classname="Own_Pack.Pega_Login_Implicit" name="get_title" time="0.014"/>
</testsuite> <!-- Default test -->
