<?xml version="1.0" encoding="UTF-8"?>
<!-- Generated by org.testng.reporters.JUnitXMLReporter -->
<testsuite ignored="0" hostname="IQZNGLDT007" failures="0" tests="5" name="Invalid_Case" time="23.49" errors="0" timestamp="2021-11-24T00:00:38 IST">
  <testcase classname="Own_Pack.Pega_Login_Twice_Para" name="launch_app" time="5.096"/>
  <testcase classname="Own_Pack.Pega_Login_Twice_Para" name="enter_user" time="3.113"/>
  <testcase classname="Own_Pack.Pega_Login_Twice_Para" name="enter_pswd" time="3.091"/>
  <testcase classname="Own_Pack.Pega_Login_Twice_Para" name="clicklogin" time="4.453"/>
  <testcase classname="Own_Pack.Pega_Login_Twice_Para" name="get_title" time="3.131"/>
</testsuite> <!-- Invalid_Case -->
