<?xml version="1.0" encoding="UTF-8"?>
<!-- Generated by org.testng.reporters.JUnitXMLReporter -->
<testsuite ignored="0" hostname="IQZNGLDT007" failures="0" tests="5" name="Valid_Case" time="42.374" errors="0" timestamp="2021-11-24T00:00:15 IST">
  <testcase classname="Own_Pack.Pega_Login_Twice_Para" name="launch_app" time="5.025"/>
  <testcase classname="Own_Pack.Pega_Login_Twice_Para" name="enter_user" time="3.104"/>
  <testcase classname="Own_Pack.Pega_Login_Twice_Para" name="enter_pswd" time="3.101"/>
  <testcase classname="Own_Pack.Pega_Login_Twice_Para" name="clicklogin" time="23.368"/>
  <testcase classname="Own_Pack.Pega_Login_Twice_Para" name="get_title" time="3.051"/>
</testsuite> <!-- Valid_Case -->
