<?xml version="1.0" encoding="UTF-8"?>
<testng-results ignored="0" total="5" passed="5" failed="0" skipped="0">
  <reporter-output>
  </reporter-output>
  <suite started-at="2021-11-26T21:29:16 IST" name="Default suite" finished-at="2021-11-26T21:30:54 IST" duration-ms="97746">
    <groups>
    </groups>
    <test started-at="2021-11-26T21:29:16 IST" name="Default test" finished-at="2021-11-26T21:30:54 IST" duration-ms="97746">
      <class name="Own_Pack.Pega_Login_Implicit">
        <test-method is-config="true" signature="setup()[pri:0, instance:Own_Pack.Pega_Login_Implicit@6283d8b8]" started-at="2021-11-26T21:29:16 IST" name="setup" finished-at="2021-11-26T21:29:21 IST" duration-ms="4839" status="PASS">
          <reporter-output>
          </reporter-output>
        </test-method> <!-- setup -->
        <test-method signature="launch_app()[pri:0, instance:Own_Pack.Pega_Login_Implicit@6283d8b8]" started-at="2021-11-26T21:29:21 IST" name="launch_app" finished-at="2021-11-26T21:29:24 IST" duration-ms="3253" status="PASS">
          <reporter-output>
          </reporter-output>
        </test-method> <!-- launch_app -->
        <test-method signature="enter_user()[pri:0, instance:Own_Pack.Pega_Login_Implicit@6283d8b8]" started-at="2021-11-26T21:29:24 IST" name="enter_user" finished-at="2021-11-26T21:29:24 IST" depends-on-methods="Own_Pack.Pega_Login_Implicit.launch_app" duration-ms="140" status="PASS">
          <reporter-output>
          </reporter-output>
        </test-method> <!-- enter_user -->
        <test-method signature="enter_pswd()[pri:0, instance:Own_Pack.Pega_Login_Implicit@6283d8b8]" started-at="2021-11-26T21:29:24 IST" name="enter_pswd" finished-at="2021-11-26T21:29:24 IST" depends-on-methods="Own_Pack.Pega_Login_Implicit.enter_user" duration-ms="121" status="PASS">
          <reporter-output>
          </reporter-output>
        </test-method> <!-- enter_pswd -->
        <test-method signature="clicklogin()[pri:0, instance:Own_Pack.Pega_Login_Implicit@6283d8b8]" started-at="2021-11-26T21:29:24 IST" name="clicklogin" finished-at="2021-11-26T21:30:53 IST" depends-on-methods="Own_Pack.Pega_Login_Implicit.enter_pswd" duration-ms="88698" status="PASS">
          <reporter-output>
          </reporter-output>
        </test-method> <!-- clicklogin -->
        <test-method signature="get_title()[pri:0, instance:Own_Pack.Pega_Login_Implicit@6283d8b8]" started-at="2021-11-26T21:30:53 IST" name="get_title" finished-at="2021-11-26T21:30:53 IST" depends-on-methods="Own_Pack.Pega_Login_Implicit.clicklogin" duration-ms="14" status="PASS">
          <reporter-output>
          </reporter-output>
        </test-method> <!-- get_title -->
        <test-method is-config="true" signature="finish()[pri:0, instance:Own_Pack.Pega_Login_Implicit@6283d8b8]" started-at="2021-11-26T21:30:53 IST" name="finish" finished-at="2021-11-26T21:30:54 IST" duration-ms="645" status="PASS">
          <reporter-output>
          </reporter-output>
        </test-method> <!-- finish -->
      </class> <!-- Own_Pack.Pega_Login_Implicit -->
    </test> <!-- Default test -->
  </suite> <!-- Default suite -->
</testng-results>
